This file contains any messages produced by compilers while
running configure, to aid debugging if configure makes a mistake.

configure:611: checking host system type
configure:632: checking target system type
configure:650: checking build system type
configure:675: checking for gcc
configure:788: checking whether the C compiler (gcc  -g -O2 -D__MIPS_AND_IA64_ELF_H -I/usr/sgi/include/ -L/usr/sgi/lib64 ) works
configure:804: gcc -o conftest  -g -O2 -D__MIPS_AND_IA64_ELF_H -I/usr/sgi/include/ -L/usr/sgi/lib64   conftest.c  1>&5
configure:830: checking whether the C compiler (gcc  -g -O2 -D__MIPS_AND_IA64_ELF_H -I/usr/sgi/include/ -L/usr/sgi/lib64 ) is a cross-compiler
configure:835: checking whether we are using GNU C
configure:863: checking whether gcc accepts -g
configure:895: checking for POSIXized ISC
configure:928: checking for a BSD compatible install
configure:981: checking whether build environment is sane
configure:1038: checking whether make sets ${MAKE}
configure:1084: checking for working aclocal
configure:1097: checking for working autoconf
configure:1110: checking for working automake
configure:1123: checking for working autoheader
configure:1136: checking for working makeinfo
configure:1155: checking for gcc
configure:1268: checking whether the C compiler (gcc  -g -O2 -D__MIPS_AND_IA64_ELF_H -I/usr/sgi/include/ -L/usr/sgi/lib64 ) works
configure:1284: gcc -o conftest  -g -O2 -D__MIPS_AND_IA64_ELF_H -I/usr/sgi/include/ -L/usr/sgi/lib64   conftest.c  1>&5
configure:1310: checking whether the C compiler (gcc  -g -O2 -D__MIPS_AND_IA64_ELF_H -I/usr/sgi/include/ -L/usr/sgi/lib64 ) is a cross-compiler
configure:1315: checking whether we are using GNU C
configure:1343: checking whether gcc accepts -g
configure:1384: checking for ar
configure:1416: checking for ranlib
configure:1554: checking for ranlib
configure:1593: checking for ld used by GCC
configure:1655: checking if the linker (/usr/bin/ld) is GNU ld
configure:1671: checking for BSD-compatible nm
configure:1707: checking whether ln -s works
ltconfig:603: checking for object suffix
ltconfig:604: gcc -c  -g -O2 -D__MIPS_AND_IA64_ELF_H -I/usr/sgi/include/ -L/usr/sgi/lib64  conftest.c 1>&5
ltconfig:776: checking if gcc PIC flag -fPIC works
ltconfig:777: gcc -c  -g -O2 -D__MIPS_AND_IA64_ELF_H -I/usr/sgi/include/ -L/usr/sgi/lib64 -fPIC -DPIC  conftest.c 1>&5
ltconfig:829: checking if gcc supports -c -o file.o
ltconfig:830: gcc -c  -g -O2 -D__MIPS_AND_IA64_ELF_H -I/usr/sgi/include/ -L/usr/sgi/lib64 -o out/conftest2.o  conftest.c 1>&5
ltconfig:862: checking if gcc supports -c -o file.lo
ltconfig:863: gcc -c  -g -O2 -D__MIPS_AND_IA64_ELF_H -I/usr/sgi/include/ -L/usr/sgi/lib64 -c -o conftest.lo  conftest.c 1>&5
ltconfig:914: checking if gcc supports -fno-rtti -fno-exceptions
ltconfig:915: gcc -c  -g -O2 -D__MIPS_AND_IA64_ELF_H -I/usr/sgi/include/ -L/usr/sgi/lib64 -fno-rtti -fno-exceptions -c conftest.c  conftest.c 1>&5
ltconfig:958: checking if gcc static flag -static works
ltconfig:959: gcc -o conftest  -g -O2 -D__MIPS_AND_IA64_ELF_H -I/usr/sgi/include/ -L/usr/sgi/lib64   -static conftest.c  1>&5
GNU ld version 2.11.92.0.12.3 20011121 Debian/GNU Linux
ltconfig:1635: checking if global_symbol_pipe works
ltconfig:1636: gcc -c  -g -O2 -D__MIPS_AND_IA64_ELF_H -I/usr/sgi/include/ -L/usr/sgi/lib64  conftest.c 1>&5
ltconfig:1639: eval "/usr/bin/nm -B conftest.o | sed -n -e 's/^.*[ 	]\([ABCDGISTW]\)[ 	][ 	]*\(\)\([_A-Za-z][_A-Za-z0-9]*\)$/\1 \2\3 \3/p' > conftest.nm"
ltconfig:1691: gcc -o conftest  -g -O2 -D__MIPS_AND_IA64_ELF_H -I/usr/sgi/include/ -L/usr/sgi/lib64 -fno-builtin -fno-rtti -fno-exceptions   conftest.c conftstm.o 1>&5
configure:1980: checking whether to enable maintainer-specific portions of Makefiles
configure:2003: checking for Cygwin environment
configure:2036: checking for mingw32 environment
configure:2067: checking for executable suffix
configure:2103: checking how to run the C preprocessor
configure:2183: checking for ANSI C header files
configure:2287: checking for working const
configure:2362: checking for inline
configure:2402: checking for off_t
configure:2435: checking for size_t
configure:2470: checking for working alloca.h
configure:2503: checking for alloca
configure:2705: checking for unistd.h
configure:2744: checking for getpagesize
configure:2797: checking for working mmap
configure:2973: checking for argz.h
configure:2973: checking for limits.h
configure:2973: checking for locale.h
configure:2973: checking for nl_types.h
configure:2973: checking for malloc.h
configure:2973: checking for string.h
configure:2973: checking for unistd.h
configure:2973: checking for values.h
configure:2973: checking for sys/param.h
configure:3013: checking for getcwd
configure:3013: checking for munmap
configure:3013: checking for putenv
configure:3013: checking for setenv
configure:3013: checking for setlocale
configure:3013: checking for strchr
configure:3013: checking for strcasecmp
configure:3013: checking for __argz_count
configure:3013: checking for __argz_stringify
configure:3013: checking for __argz_next
configure:3132: checking for LC_MESSAGES
configure:3165: checking whether NLS is requested
configure:3185: checking whether included gettext is requested
configure:3204: checking for libintl.h
configure:3231: checking for gettext in libc
configure:3334: checking for msgfmt
configure:3368: checking for dcgettext
configure:3423: checking for gmsgfmt
configure:3459: checking for xgettext
configure:3499: gcc -o conftest  -g -O2 -D__MIPS_AND_IA64_ELF_H -I/usr/sgi/include/ -L/usr/sgi/lib64   conftest.c  1>&5
configure:3807: checking for a BSD compatible install
configure:3915: checking for stddef.h
configure:3915: checking for string.h
configure:3915: checking for strings.h
configure:3915: checking for stdlib.h
configure:3915: checking for time.h
configure:3915: checking for unistd.h
configure:3955: checking for fcntl.h
configure:3955: checking for sys/file.h
configure:3955: checking for sys/time.h
configure:3992: checking whether time.h and sys/time.h may both be included
configure:4031: checking for dirent.h that defines DIR
configure:4069: checking for opendir in -ldir
configure:4154: checking for fcntl
configure:4154: checking for getpagesize
configure:4154: checking for setitimer
configure:4154: checking for sysconf
configure:4154: checking for fdopen
configure:4154: checking for getuid
configure:4154: checking for getgid
configure:4217: checking whether strstr must be declared
configure:4264: checking whether malloc must be declared
configure:4311: checking whether realloc must be declared
configure:4358: checking whether free must be declared
configure:4405: checking whether getenv must be declared
configure:5365: checking for unistd.h
configure:5404: checking for getpagesize
configure:5457: checking for working mmap
configure:5630: checking for madvise
configure:5630: checking for mprotect
