This file contains any messages produced by compilers while
running configure, to aid debugging if configure makes a mistake.

configure:591: checking host system type
configure:614: checking build system type
configure:640: checking for ar
configure:672: checking for ranlib
configure:750: checking for gcc
configure:829: checking whether we are using GNU C
configure:838: gcc -E conftest.c
configure:854: checking whether gcc accepts -g
configure:884: checking for POSIXized ISC
configure:922: checking for a BSD compatible install
configure:983: checking how to run the C preprocessor
configure:1004: gcc -E  conftest.c >/dev/null 2>conftest.out
configure:1066: checking for sys/file.h
configure:1076: gcc -E  conftest.c >/dev/null 2>conftest.out
configure:1066: checking for sys/param.h
configure:1076: gcc -E  conftest.c >/dev/null 2>conftest.out
configure:1066: checking for stdlib.h
configure:1076: gcc -E  conftest.c >/dev/null 2>conftest.out
configure:1066: checking for string.h
configure:1076: gcc -E  conftest.c >/dev/null 2>conftest.out
configure:1066: checking for unistd.h
configure:1076: gcc -E  conftest.c >/dev/null 2>conftest.out
configure:1066: checking for strings.h
configure:1076: gcc -E  conftest.c >/dev/null 2>conftest.out
configure:1066: checking for sys/time.h
configure:1076: gcc -E  conftest.c >/dev/null 2>conftest.out
configure:1066: checking for sys/resource.h
configure:1076: gcc -E  conftest.c >/dev/null 2>conftest.out
configure:1066: checking for sys/stat.h
configure:1076: gcc -E  conftest.c >/dev/null 2>conftest.out
configure:1066: checking for sys/mman.h
configure:1076: gcc -E  conftest.c >/dev/null 2>conftest.out
configure:1066: checking for fcntl.h
configure:1076: gcc -E  conftest.c >/dev/null 2>conftest.out
configure:1103: checking for sys/wait.h that is POSIX.1 compatible
configure:1124: gcc -c  -g -O2 -DHOST_IA64 -D__MIPS_AND_IA64_ELF_H -I/usr/sgi/include/ -L/usr/sgi/lib64  conftest.c 1>&5
configure:1752: checking whether the C compiler (gcc  -g -O2 -DHOST_IA64 -D__MIPS_AND_IA64_ELF_H -I/usr/sgi/include/ -L/usr/sgi/lib64 ) works
configure:1768: gcc -o conftest  -g -O2 -DHOST_IA64 -D__MIPS_AND_IA64_ELF_H -I/usr/sgi/include/ -L/usr/sgi/lib64   conftest.c  1>&5
configure:1794: checking whether the C compiler (gcc  -g -O2 -DHOST_IA64 -D__MIPS_AND_IA64_ELF_H -I/usr/sgi/include/ -L/usr/sgi/lib64 ) is a cross-compiler
configure:1801: checking for asprintf
configure:1829: gcc -o conftest  -g -O2 -DHOST_IA64 -D__MIPS_AND_IA64_ELF_H -I/usr/sgi/include/ -L/usr/sgi/lib64   conftest.c  1>&5
configure:1801: checking for atexit
configure:1829: gcc -o conftest  -g -O2 -DHOST_IA64 -D__MIPS_AND_IA64_ELF_H -I/usr/sgi/include/ -L/usr/sgi/lib64   conftest.c  1>&5
configure:1801: checking for basename
configure:1829: gcc -o conftest  -g -O2 -DHOST_IA64 -D__MIPS_AND_IA64_ELF_H -I/usr/sgi/include/ -L/usr/sgi/lib64   conftest.c  1>&5
configure:1801: checking for bcmp
configure:1829: gcc -o conftest  -g -O2 -DHOST_IA64 -D__MIPS_AND_IA64_ELF_H -I/usr/sgi/include/ -L/usr/sgi/lib64   conftest.c  1>&5
configure:1813: warning: conflicting types for built-in function `bcmp'
configure:1801: checking for bcopy
configure:1829: gcc -o conftest  -g -O2 -DHOST_IA64 -D__MIPS_AND_IA64_ELF_H -I/usr/sgi/include/ -L/usr/sgi/lib64   conftest.c  1>&5
configure:1801: checking for bzero
configure:1829: gcc -o conftest  -g -O2 -DHOST_IA64 -D__MIPS_AND_IA64_ELF_H -I/usr/sgi/include/ -L/usr/sgi/lib64   conftest.c  1>&5
configure:1813: warning: conflicting types for built-in function `bzero'
configure:1801: checking for calloc
configure:1829: gcc -o conftest  -g -O2 -DHOST_IA64 -D__MIPS_AND_IA64_ELF_H -I/usr/sgi/include/ -L/usr/sgi/lib64   conftest.c  1>&5
configure:1801: checking for clock
configure:1829: gcc -o conftest  -g -O2 -DHOST_IA64 -D__MIPS_AND_IA64_ELF_H -I/usr/sgi/include/ -L/usr/sgi/lib64   conftest.c  1>&5
configure:1801: checking for getcwd
configure:1829: gcc -o conftest  -g -O2 -DHOST_IA64 -D__MIPS_AND_IA64_ELF_H -I/usr/sgi/include/ -L/usr/sgi/lib64   conftest.c  1>&5
configure:1801: checking for getpagesize
configure:1829: gcc -o conftest  -g -O2 -DHOST_IA64 -D__MIPS_AND_IA64_ELF_H -I/usr/sgi/include/ -L/usr/sgi/lib64   conftest.c  1>&5
configure:1801: checking for index
configure:1829: gcc -o conftest  -g -O2 -DHOST_IA64 -D__MIPS_AND_IA64_ELF_H -I/usr/sgi/include/ -L/usr/sgi/lib64   conftest.c  1>&5
configure:1801: checking for insque
configure:1829: gcc -o conftest  -g -O2 -DHOST_IA64 -D__MIPS_AND_IA64_ELF_H -I/usr/sgi/include/ -L/usr/sgi/lib64   conftest.c  1>&5
configure:1801: checking for memchr
configure:1829: gcc -o conftest  -g -O2 -DHOST_IA64 -D__MIPS_AND_IA64_ELF_H -I/usr/sgi/include/ -L/usr/sgi/lib64   conftest.c  1>&5
configure:1801: checking for memcmp
configure:1829: gcc -o conftest  -g -O2 -DHOST_IA64 -D__MIPS_AND_IA64_ELF_H -I/usr/sgi/include/ -L/usr/sgi/lib64   conftest.c  1>&5
configure:1813: warning: conflicting types for built-in function `memcmp'
configure:1801: checking for memcpy
configure:1829: gcc -o conftest  -g -O2 -DHOST_IA64 -D__MIPS_AND_IA64_ELF_H -I/usr/sgi/include/ -L/usr/sgi/lib64   conftest.c  1>&5
configure:1813: warning: conflicting types for built-in function `memcpy'
configure:1801: checking for memmove
configure:1829: gcc -o conftest  -g -O2 -DHOST_IA64 -D__MIPS_AND_IA64_ELF_H -I/usr/sgi/include/ -L/usr/sgi/lib64   conftest.c  1>&5
configure:1801: checking for memset
configure:1829: gcc -o conftest  -g -O2 -DHOST_IA64 -D__MIPS_AND_IA64_ELF_H -I/usr/sgi/include/ -L/usr/sgi/lib64   conftest.c  1>&5
configure:1813: warning: conflicting types for built-in function `memset'
configure:1801: checking for mkstemps
configure:1829: gcc -o conftest  -g -O2 -DHOST_IA64 -D__MIPS_AND_IA64_ELF_H -I/usr/sgi/include/ -L/usr/sgi/lib64   conftest.c  1>&5
/tmp/ccpMCf9J.o: In function `main':
/home/douillet/orc-2.0/src/osprey1.0/targcygnus_ia64_ia64/libiberty/configure:1823: undefined reference to `mkstemps'
collect2: ld returned 1 exit status
configure: failed program was:
#line 1806 "configure"
#include "confdefs.h"
/* System header to define __stub macros and hopefully few prototypes,
    which can conflict with char mkstemps(); below.  */
#include <assert.h>
/* Override any gcc2 internal prototype to avoid an error.  */
/* We use char because int might match the return type of a gcc2
    builtin and then its argument prototype would still apply.  */
char mkstemps();

int main() {

/* The GNU C library defines this for functions which it implements
    to always fail with ENOSYS.  Some functions are actually named
    something starting with __ and the normal name is an alias.  */
#if defined (__stub_mkstemps) || defined (__stub___mkstemps)
choke me
#else
mkstemps();
#endif

; return 0; }
configure:1801: checking for putenv
configure:1829: gcc -o conftest  -g -O2 -DHOST_IA64 -D__MIPS_AND_IA64_ELF_H -I/usr/sgi/include/ -L/usr/sgi/lib64   conftest.c  1>&5
configure:1801: checking for random
configure:1829: gcc -o conftest  -g -O2 -DHOST_IA64 -D__MIPS_AND_IA64_ELF_H -I/usr/sgi/include/ -L/usr/sgi/lib64   conftest.c  1>&5
configure:1801: checking for rename
configure:1829: gcc -o conftest  -g -O2 -DHOST_IA64 -D__MIPS_AND_IA64_ELF_H -I/usr/sgi/include/ -L/usr/sgi/lib64   conftest.c  1>&5
configure:1801: checking for rindex
configure:1829: gcc -o conftest  -g -O2 -DHOST_IA64 -D__MIPS_AND_IA64_ELF_H -I/usr/sgi/include/ -L/usr/sgi/lib64   conftest.c  1>&5
configure:1801: checking for setenv
configure:1829: gcc -o conftest  -g -O2 -DHOST_IA64 -D__MIPS_AND_IA64_ELF_H -I/usr/sgi/include/ -L/usr/sgi/lib64   conftest.c  1>&5
configure:1801: checking for sigsetmask
configure:1829: gcc -o conftest  -g -O2 -DHOST_IA64 -D__MIPS_AND_IA64_ELF_H -I/usr/sgi/include/ -L/usr/sgi/lib64   conftest.c  1>&5
configure:1801: checking for strcasecmp
configure:1829: gcc -o conftest  -g -O2 -DHOST_IA64 -D__MIPS_AND_IA64_ELF_H -I/usr/sgi/include/ -L/usr/sgi/lib64   conftest.c  1>&5
configure:1801: checking for strchr
configure:1829: gcc -o conftest  -g -O2 -DHOST_IA64 -D__MIPS_AND_IA64_ELF_H -I/usr/sgi/include/ -L/usr/sgi/lib64   conftest.c  1>&5
configure:1801: checking for strdup
configure:1829: gcc -o conftest  -g -O2 -DHOST_IA64 -D__MIPS_AND_IA64_ELF_H -I/usr/sgi/include/ -L/usr/sgi/lib64   conftest.c  1>&5
configure:1801: checking for strncasecmp
configure:1829: gcc -o conftest  -g -O2 -DHOST_IA64 -D__MIPS_AND_IA64_ELF_H -I/usr/sgi/include/ -L/usr/sgi/lib64   conftest.c  1>&5
configure:1801: checking for strrchr
configure:1829: gcc -o conftest  -g -O2 -DHOST_IA64 -D__MIPS_AND_IA64_ELF_H -I/usr/sgi/include/ -L/usr/sgi/lib64   conftest.c  1>&5
configure:1801: checking for strstr
configure:1829: gcc -o conftest  -g -O2 -DHOST_IA64 -D__MIPS_AND_IA64_ELF_H -I/usr/sgi/include/ -L/usr/sgi/lib64   conftest.c  1>&5
configure:1801: checking for strtod
configure:1829: gcc -o conftest  -g -O2 -DHOST_IA64 -D__MIPS_AND_IA64_ELF_H -I/usr/sgi/include/ -L/usr/sgi/lib64   conftest.c  1>&5
configure:1801: checking for strtol
configure:1829: gcc -o conftest  -g -O2 -DHOST_IA64 -D__MIPS_AND_IA64_ELF_H -I/usr/sgi/include/ -L/usr/sgi/lib64   conftest.c  1>&5
configure:1801: checking for strtoul
configure:1829: gcc -o conftest  -g -O2 -DHOST_IA64 -D__MIPS_AND_IA64_ELF_H -I/usr/sgi/include/ -L/usr/sgi/lib64   conftest.c  1>&5
configure:1801: checking for tmpnam
configure:1829: gcc -o conftest  -g -O2 -DHOST_IA64 -D__MIPS_AND_IA64_ELF_H -I/usr/sgi/include/ -L/usr/sgi/lib64   conftest.c  1>&5
/tmp/cca3KDuh.o: In function `main':
/home/douillet/orc-2.0/src/osprey1.0/targcygnus_ia64_ia64/libiberty/configure:1823: the use of `tmpnam' is dangerous, better use `mkstemp'
configure:1801: checking for vasprintf
configure:1829: gcc -o conftest  -g -O2 -DHOST_IA64 -D__MIPS_AND_IA64_ELF_H -I/usr/sgi/include/ -L/usr/sgi/lib64   conftest.c  1>&5
configure:1801: checking for vfprintf
configure:1829: gcc -o conftest  -g -O2 -DHOST_IA64 -D__MIPS_AND_IA64_ELF_H -I/usr/sgi/include/ -L/usr/sgi/lib64   conftest.c  1>&5
configure:1801: checking for vprintf
configure:1829: gcc -o conftest  -g -O2 -DHOST_IA64 -D__MIPS_AND_IA64_ELF_H -I/usr/sgi/include/ -L/usr/sgi/lib64   conftest.c  1>&5
configure:1801: checking for vsprintf
configure:1829: gcc -o conftest  -g -O2 -DHOST_IA64 -D__MIPS_AND_IA64_ELF_H -I/usr/sgi/include/ -L/usr/sgi/lib64   conftest.c  1>&5
configure:1801: checking for waitpid
configure:1829: gcc -o conftest  -g -O2 -DHOST_IA64 -D__MIPS_AND_IA64_ELF_H -I/usr/sgi/include/ -L/usr/sgi/lib64   conftest.c  1>&5
configure:1876: checking for working alloca.h
configure:1888: gcc -o conftest  -g -O2 -DHOST_IA64 -D__MIPS_AND_IA64_ELF_H -I/usr/sgi/include/ -L/usr/sgi/lib64   conftest.c  1>&5
configure:1909: checking for alloca
configure:1942: gcc -o conftest  -g -O2 -DHOST_IA64 -D__MIPS_AND_IA64_ELF_H -I/usr/sgi/include/ -L/usr/sgi/lib64   conftest.c  1>&5
configure:2111: checking for ANSI C header files
configure:2124: gcc -E  conftest.c >/dev/null 2>conftest.out
configure:2191: gcc -o conftest  -g -O2 -DHOST_IA64 -D__MIPS_AND_IA64_ELF_H -I/usr/sgi/include/ -L/usr/sgi/lib64   conftest.c  1>&5
configure:2215: checking for pid_t
configure:2249: checking for vfork.h
configure:2259: gcc -E  conftest.c >/dev/null 2>conftest.out
configure:2255:19: vfork.h: No such file or directory
configure: failed program was:
#line 2254 "configure"
#include "confdefs.h"
#include <vfork.h>
configure:2284: checking for working vfork
configure:2435: gcc -o conftest  -g -O2 -DHOST_IA64 -D__MIPS_AND_IA64_ELF_H -I/usr/sgi/include/ -L/usr/sgi/lib64   conftest.c  1>&5
configure:2462: checking for sys_errlist
configure:2474: gcc -o conftest  -g -O2 -DHOST_IA64 -D__MIPS_AND_IA64_ELF_H -I/usr/sgi/include/ -L/usr/sgi/lib64   conftest.c  1>&5
/tmp/ccP3DNb4.o: In function `main':
/home/douillet/orc-2.0/src/osprey1.0/targcygnus_ia64_ia64/libiberty/configure:2470: `sys_errlist' is deprecated; use `strerror' or `strerror_r' instead
configure:2462: checking for sys_nerr
configure:2474: gcc -o conftest  -g -O2 -DHOST_IA64 -D__MIPS_AND_IA64_ELF_H -I/usr/sgi/include/ -L/usr/sgi/lib64   conftest.c  1>&5
/tmp/ccPBN3ir.o: In function `main':
/home/douillet/orc-2.0/src/osprey1.0/targcygnus_ia64_ia64/libiberty/configure:2470: `sys_nerr' is deprecated; use `strerror' or `strerror_r' instead
configure:2462: checking for sys_siglist
configure:2474: gcc -o conftest  -g -O2 -DHOST_IA64 -D__MIPS_AND_IA64_ELF_H -I/usr/sgi/include/ -L/usr/sgi/lib64   conftest.c  1>&5
configure:2500: checking for getrusage
configure:2528: gcc -o conftest  -g -O2 -DHOST_IA64 -D__MIPS_AND_IA64_ELF_H -I/usr/sgi/include/ -L/usr/sgi/lib64   conftest.c  1>&5
configure:2500: checking for on_exit
configure:2528: gcc -o conftest  -g -O2 -DHOST_IA64 -D__MIPS_AND_IA64_ELF_H -I/usr/sgi/include/ -L/usr/sgi/lib64   conftest.c  1>&5
configure:2500: checking for psignal
configure:2528: gcc -o conftest  -g -O2 -DHOST_IA64 -D__MIPS_AND_IA64_ELF_H -I/usr/sgi/include/ -L/usr/sgi/lib64   conftest.c  1>&5
configure:2500: checking for strerror
configure:2528: gcc -o conftest  -g -O2 -DHOST_IA64 -D__MIPS_AND_IA64_ELF_H -I/usr/sgi/include/ -L/usr/sgi/lib64   conftest.c  1>&5
configure:2500: checking for strsignal
configure:2528: gcc -o conftest  -g -O2 -DHOST_IA64 -D__MIPS_AND_IA64_ELF_H -I/usr/sgi/include/ -L/usr/sgi/lib64   conftest.c  1>&5
configure:2500: checking for sysconf
configure:2528: gcc -o conftest  -g -O2 -DHOST_IA64 -D__MIPS_AND_IA64_ELF_H -I/usr/sgi/include/ -L/usr/sgi/lib64   conftest.c  1>&5
configure:2500: checking for times
configure:2528: gcc -o conftest  -g -O2 -DHOST_IA64 -D__MIPS_AND_IA64_ELF_H -I/usr/sgi/include/ -L/usr/sgi/lib64   conftest.c  1>&5
configure:2500: checking for sbrk
configure:2528: gcc -o conftest  -g -O2 -DHOST_IA64 -D__MIPS_AND_IA64_ELF_H -I/usr/sgi/include/ -L/usr/sgi/lib64   conftest.c  1>&5
configure:2500: checking for gettimeofday
configure:2528: gcc -o conftest  -g -O2 -DHOST_IA64 -D__MIPS_AND_IA64_ELF_H -I/usr/sgi/include/ -L/usr/sgi/lib64   conftest.c  1>&5
configure:2558: checking for unistd.h
configure:2597: checking for getpagesize
configure:2650: checking for working mmap
configure:2798: gcc -o conftest  -g -O2 -DHOST_IA64 -D__MIPS_AND_IA64_ELF_H -I/usr/sgi/include/ -L/usr/sgi/lib64   conftest.c  1>&5
configure: In function `main':
configure:2768: warning: cast from pointer to integer of different size
configure:2822: checking for working strncmp
configure:2891: gcc -o conftest  -g -O2 -DHOST_IA64 -D__MIPS_AND_IA64_ELF_H -I/usr/sgi/include/ -L/usr/sgi/lib64   conftest.c  1>&5
