This file contains any messages produced by compilers while
running configure, to aid debugging if configure makes a mistake.

configure:607: checking host system type
configure:628: checking target system type
configure:646: checking build system type
configure:681: checking for a BSD compatible install
configure:734: checking whether build environment is sane
configure:791: checking whether make sets ${MAKE}
configure:837: checking for working aclocal
configure:850: checking for working autoconf
configure:863: checking for working automake
configure:876: checking for working autoheader
configure:889: checking for working makeinfo
configure:975: checking for ranlib
configure:1005: checking for gcc
configure:1118: checking whether the C compiler (gcc  -g -O2 -DHOST_IA64 -D__MIPS_AND_IA64_ELF_H -I/usr/sgi/include/ -L/usr/sgi/lib64 ) works
configure:1134: gcc -o conftest  -g -O2 -DHOST_IA64 -D__MIPS_AND_IA64_ELF_H -I/usr/sgi/include/ -L/usr/sgi/lib64   conftest.c  1>&5
configure:1160: checking whether the C compiler (gcc  -g -O2 -DHOST_IA64 -D__MIPS_AND_IA64_ELF_H -I/usr/sgi/include/ -L/usr/sgi/lib64 ) is a cross-compiler
configure:1165: checking whether we are using GNU C
configure:1193: checking whether gcc accepts -g
configure:1236: checking for ld used by GCC
configure:1298: checking if the linker (/usr/bin/ld) is GNU ld
configure:1314: checking for BSD-compatible nm
configure:1350: checking whether ln -s works
ltconfig:603: checking for object suffix
ltconfig:604: gcc -c  -g -O2 -DHOST_IA64 -D__MIPS_AND_IA64_ELF_H -I/usr/sgi/include/ -L/usr/sgi/lib64  conftest.c 1>&5
ltconfig:776: checking if gcc PIC flag -fPIC works
ltconfig:777: gcc -c  -g -O2 -DHOST_IA64 -D__MIPS_AND_IA64_ELF_H -I/usr/sgi/include/ -L/usr/sgi/lib64 -fPIC -DPIC  conftest.c 1>&5
ltconfig:829: checking if gcc supports -c -o file.o
ltconfig:830: gcc -c  -g -O2 -DHOST_IA64 -D__MIPS_AND_IA64_ELF_H -I/usr/sgi/include/ -L/usr/sgi/lib64 -o out/conftest2.o  conftest.c 1>&5
ltconfig:862: checking if gcc supports -c -o file.lo
ltconfig:863: gcc -c  -g -O2 -DHOST_IA64 -D__MIPS_AND_IA64_ELF_H -I/usr/sgi/include/ -L/usr/sgi/lib64 -c -o conftest.lo  conftest.c 1>&5
ltconfig:914: checking if gcc supports -fno-rtti -fno-exceptions
ltconfig:915: gcc -c  -g -O2 -DHOST_IA64 -D__MIPS_AND_IA64_ELF_H -I/usr/sgi/include/ -L/usr/sgi/lib64 -fno-rtti -fno-exceptions -c conftest.c  conftest.c 1>&5
ltconfig:958: checking if gcc static flag -static works
ltconfig:959: gcc -o conftest  -g -O2 -DHOST_IA64 -D__MIPS_AND_IA64_ELF_H -I/usr/sgi/include/ -L/usr/sgi/lib64   -static conftest.c  1>&5
GNU ld version 2.11.90.0.8 (with BFD 2.11.90.0.8)
ltconfig:1635: checking if global_symbol_pipe works
ltconfig:1636: gcc -c  -g -O2 -DHOST_IA64 -D__MIPS_AND_IA64_ELF_H -I/usr/sgi/include/ -L/usr/sgi/lib64  conftest.c 1>&5
ltconfig:1639: eval "/usr/bin/nm -B conftest.o | sed -n -e 's/^.*[ 	]\([ABCDGISTW]\)[ 	][ 	]*\(\)\([_A-Za-z][_A-Za-z0-9]*\)$/\1 \2\3 \3/p' > conftest.nm"
ltconfig:1691: gcc -o conftest  -g -O2 -DHOST_IA64 -D__MIPS_AND_IA64_ELF_H -I/usr/sgi/include/ -L/usr/sgi/lib64 -fno-builtin -fno-rtti -fno-exceptions   conftest.c conftstm.o 1>&5
configure:1591: checking for gcc
configure:1704: checking whether the C compiler (gcc  -g -O2 -DHOST_IA64 -D__MIPS_AND_IA64_ELF_H -I/usr/sgi/include/ -L/usr/sgi/lib64 ) works
configure:1720: gcc -o conftest  -g -O2 -DHOST_IA64 -D__MIPS_AND_IA64_ELF_H -I/usr/sgi/include/ -L/usr/sgi/lib64   conftest.c  1>&5
configure:1746: checking whether the C compiler (gcc  -g -O2 -DHOST_IA64 -D__MIPS_AND_IA64_ELF_H -I/usr/sgi/include/ -L/usr/sgi/lib64 ) is a cross-compiler
configure:1751: checking whether we are using GNU C
configure:1779: checking whether gcc accepts -g
configure:1822: checking for a BSD compatible install
configure:1877: checking how to run the C preprocessor
configure:1957: checking for POSIXized ISC
configure:1978: checking for ANSI C header files
configure:2082: checking for working const
configure:2157: checking for inline
configure:2197: checking for off_t
configure:2230: checking for size_t
configure:2265: checking for working alloca.h
configure:2298: checking for alloca
configure:2500: checking for unistd.h
configure:2539: checking for getpagesize
configure:2592: checking for working mmap
configure:2768: checking for argz.h
configure:2768: checking for limits.h
configure:2768: checking for locale.h
configure:2768: checking for nl_types.h
configure:2768: checking for malloc.h
configure:2768: checking for string.h
configure:2768: checking for unistd.h
configure:2768: checking for values.h
configure:2768: checking for sys/param.h
configure:2808: checking for getcwd
configure:2808: checking for munmap
configure:2808: checking for putenv
configure:2808: checking for setenv
configure:2808: checking for setlocale
configure:2808: checking for strchr
configure:2808: checking for strcasecmp
configure:2808: checking for __argz_count
configure:2808: checking for __argz_stringify
configure:2808: checking for __argz_next
configure:2927: checking for LC_MESSAGES
configure:2960: checking whether NLS is requested
configure:2980: checking whether included gettext is requested
configure:2999: checking for libintl.h
configure:3026: checking for gettext in libc
configure:3129: checking for msgfmt
configure:3163: checking for dcgettext
configure:3218: checking for gmsgfmt
configure:3254: checking for xgettext
configure:3294: gcc -o conftest  -g -O2 -DHOST_IA64 -D__MIPS_AND_IA64_ELF_H -I/usr/sgi/include/ -L/usr/sgi/lib64   conftest.c  1>&5
configure:3587: checking for Cygwin environment
configure:3620: checking for mingw32 environment
configure:3651: checking for executable suffix
configure:3687: checking for bison
configure:3723: checking for flex
configure:3756: checking for flex
configure:3790: checking for yywrap in -lfl
configure:3809: gcc -o conftest  -g -O2 -DHOST_IA64 -D__MIPS_AND_IA64_ELF_H -I/usr/sgi/include/ -L/usr/sgi/lib64   conftest.c -lfl   1>&5
configure:3832: checking lex output file root
configure:3853: checking whether yytext is a pointer
configure:3872: gcc -o conftest  -g -O2 -DHOST_IA64 -D__MIPS_AND_IA64_ELF_H -I/usr/sgi/include/ -L/usr/sgi/lib64   conftest.c  -lfl 1>&5
configure:3895: checking whether to enable maintainer-specific portions of Makefiles
configure:3929: checking for string.h
configure:3929: checking for strings.h
configure:3929: checking for stdlib.h
configure:3929: checking for unistd.h
configure:3968: checking for sbrk
configure:4025: checking for dirent.h that defines DIR
configure:4063: checking for opendir in -ldir
configure:4156: checking whether strstr must be declared
configure:4203: checking whether free must be declared
configure:4250: checking whether sbrk must be declared
configure:4276: gcc -c  -g -O2 -DHOST_IA64 -D__MIPS_AND_IA64_ELF_H -I/usr/sgi/include/ -L/usr/sgi/lib64  conftest.c 1>&5
configure:4297: checking whether getenv must be declared
configure:4344: checking whether environ must be declared
configure:4370: gcc -c  -g -O2 -DHOST_IA64 -D__MIPS_AND_IA64_ELF_H -I/usr/sgi/include/ -L/usr/sgi/lib64  conftest.c 1>&5
configure: In function `main':
configure:4367: `environ' undeclared (first use in this function)
configure:4367: (Each undeclared identifier is reported only once
configure:4367: for each function it appears in.)
configure: failed program was:
#line 4349 "configure"
#include "confdefs.h"

#include <stdio.h>
#ifdef HAVE_STRING_H
#include <string.h>
#else
#ifdef HAVE_STRINGS_H
#include <strings.h>
#endif
#endif
#ifdef HAVE_STDLIB_H
#include <stdlib.h>
#endif
#ifdef HAVE_UNISTD_H
#include <unistd.h>
#endif
int main() {
char *(*pfn) = (char *(*)) environ
; return 0; }
configure:4398: checking whether ANSI C string concatenation works
configure:4410: gcc -c  -g -O2 -DHOST_IA64 -D__MIPS_AND_IA64_ELF_H -I/usr/sgi/include/ -L/usr/sgi/lib64  conftest.c 1>&5
