This file contains any messages produced by compilers while
running configure, to aid debugging if configure makes a mistake.

configure:591: checking host system type
configure:614: checking build system type
configure:640: checking for ar
configure:672: checking for ranlib
configure:750: checking for gcc
configure:829: checking whether we are using GNU C
configure:854: checking whether gcc accepts -g
configure:884: checking for POSIXized ISC
configure:922: checking for a BSD compatible install
configure:983: checking how to run the C preprocessor
configure:1066: checking for sys/file.h
configure:1066: checking for sys/param.h
configure:1066: checking for stdlib.h
configure:1066: checking for string.h
configure:1066: checking for unistd.h
configure:1066: checking for strings.h
configure:1066: checking for sys/time.h
configure:1066: checking for sys/resource.h
configure:1066: checking for sys/stat.h
configure:1066: checking for sys/mman.h
configure:1066: checking for fcntl.h
configure:1103: checking for sys/wait.h that is POSIX.1 compatible
configure:1752: checking whether the C compiler (gcc  -g -O2 -D__MIPS_AND_IA64_ELF_H -I/usr/sgi/include/ -L/usr/sgi/lib64 ) works
configure:1768: gcc -o conftest  -g -O2 -D__MIPS_AND_IA64_ELF_H -I/usr/sgi/include/ -L/usr/sgi/lib64   conftest.c  1>&5
configure:1794: checking whether the C compiler (gcc  -g -O2 -D__MIPS_AND_IA64_ELF_H -I/usr/sgi/include/ -L/usr/sgi/lib64 ) is a cross-compiler
configure:1801: checking for asprintf
configure:1801: checking for atexit
configure:1801: checking for basename
configure:1801: checking for bcmp
configure:1801: checking for bcopy
configure:1801: checking for bzero
configure:1801: checking for calloc
configure:1801: checking for clock
configure:1801: checking for getcwd
configure:1801: checking for getpagesize
configure:1801: checking for index
configure:1801: checking for insque
configure:1801: checking for memchr
configure:1801: checking for memcmp
configure:1801: checking for memcpy
configure:1801: checking for memmove
configure:1801: checking for memset
configure:1801: checking for mkstemps
configure:1801: checking for putenv
configure:1801: checking for random
configure:1801: checking for rename
configure:1801: checking for rindex
configure:1801: checking for setenv
configure:1801: checking for sigsetmask
configure:1801: checking for strcasecmp
configure:1801: checking for strchr
configure:1801: checking for strdup
configure:1801: checking for strncasecmp
configure:1801: checking for strrchr
configure:1801: checking for strstr
configure:1801: checking for strtod
configure:1801: checking for strtol
configure:1801: checking for strtoul
configure:1801: checking for tmpnam
configure:1801: checking for vasprintf
configure:1801: checking for vfprintf
configure:1801: checking for vprintf
configure:1801: checking for vsprintf
configure:1801: checking for waitpid
configure:1876: checking for working alloca.h
configure:1909: checking for alloca
configure:2111: checking for ANSI C header files
configure:2215: checking for pid_t
configure:2249: checking for vfork.h
configure:2284: checking for working vfork
configure:2462: checking for sys_errlist
configure:2462: checking for sys_nerr
configure:2462: checking for sys_siglist
configure:2500: checking for getrusage
configure:2500: checking for on_exit
configure:2500: checking for psignal
configure:2500: checking for strerror
configure:2500: checking for strsignal
configure:2500: checking for sysconf
configure:2500: checking for times
configure:2500: checking for sbrk
configure:2500: checking for gettimeofday
configure:2558: checking for unistd.h
configure:2597: checking for getpagesize
configure:2650: checking for working mmap
configure:2822: checking for working strncmp
